
  .   ____          _            __ _ _
 /\\ / ___'_ __ _ _(_)_ __  __ _ \ \ \ \
( ( )\___ | '_ | '_| | '_ \/ _` | \ \ \ \
 \\/  ___)| |_)| | | | | || (_| |  ) ) ) )
  '  |____| .__|_| |_|_| |_\__, | / / / /
 =========|_|==============|___/=/_/_/_/

 :: Spring Boot ::                (v3.5.6)

2025-12-27 10:27:00 - Starting HighwayLinkBackendApplication v0.0.1-SNAPSHOT using Java 17.0.17 with PID 14572 (F:\highwaylink-app-Jithnuka (1)\highwaylink-app-Jithnuka\target\highwaylink-backend-0.0.1-SNAPSHOT.jar started by LENOVO in f:\highwaylink-app-Jithnuka (1)\highwaylink-app-Jithnuka)
2025-12-27 10:27:00 - Running with Spring Boot v3.5.6, Spring v6.2.11
2025-12-27 10:27:00 - No active profile set, falling back to 1 default profile: "default"
2025-12-27 10:27:01 - Bootstrapping Spring Data MongoDB repositories in DEFAULT mode.
2025-12-27 10:27:01 - Finished Spring Data repository scanning in 59 ms. Found 4 MongoDB repository interfaces.
2025-12-27 10:27:02 - Tomcat initialized with port 8080 (http)
2025-12-27 10:27:02 - Starting service [Tomcat]
2025-12-27 10:27:02 - Starting Servlet engine: [Apache Tomcat/10.1.46]
2025-12-27 10:27:02 - Initializing Spring embedded WebApplicationContext
2025-12-27 10:27:02 - Root WebApplicationContext: initialization completed in 1953 ms
2025-12-27 10:27:02 - MongoClient with metadata {"driver": {"name": "mongo-java-driver|sync|spring-boot", "version": "5.5.1"}, "os": {"type": "Windows", "name": "Windows 11", "architecture": "amd64", "version": "10.0"}, "platform": "Java/Eclipse Adoptium/17.0.17+10"} created with settings MongoClientSettings{readPreference=primary, writeConcern=WriteConcern{w=majority, wTimeout=null ms, journal=null}, retryWrites=true, retryReads=true, readConcern=ReadConcern{level=null}, credential=MongoCredential{mechanism=null, userName='anusarasamm_db_user', source='admin', password=<hidden>, mechanismProperties=<hidden>}, transportSettings=null, commandListeners=[], codecRegistry=ProvidersCodecRegistry{codecProviders=[ValueCodecProvider{}, BsonValueCodecProvider{}, DBRefCodecProvider{}, DBObjectCodecProvider{}, DocumentCodecProvider{}, CollectionCodecProvider{}, IterableCodecProvider{}, MapCodecProvider{}, GeoJsonCodecProvider{}, GridFSFileCodecProvider{}, Jsr310CodecProvider{}, JsonObjectCodecProvider{}, BsonCodecProvider{}, EnumCodecProvider{}, com.mongodb.client.model.mql.ExpressionCodecProvider@7792d851, com.mongodb.Jep395RecordCodecProvider@5cd96b41, com.mongodb.KotlinCodecProvider@7e1ffe70]}, loggerSettings=LoggerSettings{maxDocumentLength=1000}, clusterSettings={hosts=[127.0.0.1:27017], srvHost=cluster0.n6rc45b.mongodb.net, srvServiceName=mongodb, mode=MULTIPLE, requiredClusterType=REPLICA_SET, requiredReplicaSetName='atlas-d243oi-shard-0', serverSelector='null', clusterListeners='[]', serverSelectionTimeout='30000 ms', localThreshold='15 ms'}, socketSettings=SocketSettings{connectTimeoutMS=10000, readTimeoutMS=0, receiveBufferSize=0, proxySettings=ProxySettings{host=null, port=null, username=null, password=null}}, heartbeatSocketSettings=SocketSettings{connectTimeoutMS=10000, readTimeoutMS=10000, receiveBufferSize=0, proxySettings=ProxySettings{host=null, port=null, username=null, password=null}}, connectionPoolSettings=ConnectionPoolSettings{maxSize=100, minSize=0, maxWaitTimeMS=120000, maxConnectionLifeTimeMS=0, maxConnectionIdleTimeMS=0, maintenanceInitialDelayMS=0, maintenanceFrequencyMS=60000, connectionPoolListeners=[], maxConnecting=2}, serverSettings=ServerSettings{heartbeatFrequencyMS=10000, minHeartbeatFrequencyMS=500, serverMonitoringMode=AUTO, serverListeners='[]', serverMonitorListeners='[]'}, sslSettings=SslSettings{enabled=true, invalidHostNameAllowed=false, context=null}, applicationName='null', compressorList=[], uuidRepresentation=JAVA_LEGACY, serverApi=null, autoEncryptionSettings=null, dnsClient=null, inetAddressResolver=null, contextProvider=null, timeoutMS=null}
2025-12-27 10:27:02 - Adding discovered server ac-k6j0pys-shard-00-02.n6rc45b.mongodb.net:27017 to client view of cluster
2025-12-27 10:27:02 - Adding discovered server ac-k6j0pys-shard-00-00.n6rc45b.mongodb.net:27017 to client view of cluster
2025-12-27 10:27:02 - Adding discovered server ac-k6j0pys-shard-00-01.n6rc45b.mongodb.net:27017 to client view of cluster
2025-12-27 10:27:03 - Filter 'jwtFilter' configured for use
2025-12-27 10:27:03 - Monitor thread successfully connected to server with description ServerDescription{address=ac-k6j0pys-shard-00-01.n6rc45b.mongodb.net:27017, type=REPLICA_SET_PRIMARY, cryptd=false, state=CONNECTED, ok=true, minWireVersion=0, maxWireVersion=25, maxDocumentSize=16777216, logicalSessionTimeoutMinutes=30, roundTripTimeNanos=482047800, minRoundTripTimeNanos=0, setName='atlas-d243oi-shard-0', canonicalAddress=ac-k6j0pys-shard-00-01.n6rc45b.mongodb.net:27017, hosts=[ac-k6j0pys-shard-00-00.n6rc45b.mongodb.net:27017, ac-k6j0pys-shard-00-01.n6rc45b.mongodb.net:27017, ac-k6j0pys-shard-00-02.n6rc45b.mongodb.net:27017], passives=[], arbiters=[], primary='ac-k6j0pys-shard-00-01.n6rc45b.mongodb.net:27017', tagSet=TagSet{[Tag{name='availabilityZone', value='aps1-az3'}, Tag{name='diskState', value='READY'}, Tag{name='nodeType', value='ELECTABLE'}, Tag{name='provider', value='AWS'}, Tag{name='region', value='AP_SOUTH_1'}, Tag{name='workloadType', value='OPERATIONAL'}]}, electionId=7fffffff000000000000022c, setVersion=219, topologyVersion=TopologyVersion{processId=6941d4d27bc24a03c989e6e1, counter=6}, lastWriteDate=Sat Dec 27 10:27:04 IST 2025, lastUpdateTimeNanos=1220971314256800}
2025-12-27 10:27:03 - Monitor thread successfully connected to server with description ServerDescription{address=ac-k6j0pys-shard-00-00.n6rc45b.mongodb.net:27017, type=REPLICA_SET_SECONDARY, cryptd=false, state=CONNECTED, ok=true, minWireVersion=0, maxWireVersion=25, maxDocumentSize=16777216, logicalSessionTimeoutMinutes=30, roundTripTimeNanos=477639000, minRoundTripTimeNanos=0, setName='atlas-d243oi-shard-0', canonicalAddress=ac-k6j0pys-shard-00-00.n6rc45b.mongodb.net:27017, hosts=[ac-k6j0pys-shard-00-00.n6rc45b.mongodb.net:27017, ac-k6j0pys-shard-00-01.n6rc45b.mongodb.net:27017, ac-k6j0pys-shard-00-02.n6rc45b.mongodb.net:27017], passives=[], arbiters=[], primary='ac-k6j0pys-shard-00-01.n6rc45b.mongodb.net:27017', tagSet=TagSet{[Tag{name='availabilityZone', value='aps1-az1'}, Tag{name='diskState', value='READY'}, Tag{name='nodeType', value='ELECTABLE'}, Tag{name='provider', value='AWS'}, Tag{name='region', value='AP_SOUTH_1'}, Tag{name='workloadType', value='OPERATIONAL'}]}, electionId=null, setVersion=219, topologyVersion=TopologyVersion{processId=6941d48127c076f9cc4f25ef, counter=4}, lastWriteDate=Sat Dec 27 10:27:04 IST 2025, lastUpdateTimeNanos=1220971314111400}
2025-12-27 10:27:03 - Monitor thread successfully connected to server with description ServerDescription{address=ac-k6j0pys-shard-00-02.n6rc45b.mongodb.net:27017, type=REPLICA_SET_SECONDARY, cryptd=false, state=CONNECTED, ok=true, minWireVersion=0, maxWireVersion=25, maxDocumentSize=16777216, logicalSessionTimeoutMinutes=30, roundTripTimeNanos=482290800, minRoundTripTimeNanos=0, setName='atlas-d243oi-shard-0', canonicalAddress=ac-k6j0pys-shard-00-02.n6rc45b.mongodb.net:27017, hosts=[ac-k6j0pys-shard-00-00.n6rc45b.mongodb.net:27017, ac-k6j0pys-shard-00-01.n6rc45b.mongodb.net:27017, ac-k6j0pys-shard-00-02.n6rc45b.mongodb.net:27017], passives=[], arbiters=[], primary='ac-k6j0pys-shard-00-01.n6rc45b.mongodb.net:27017', tagSet=TagSet{[Tag{name='availabilityZone', value='aps1-az2'}, Tag{name='diskState', value='READY'}, Tag{name='nodeType', value='ELECTABLE'}, Tag{name='provider', value='AWS'}, Tag{name='region', value='AP_SOUTH_1'}, Tag{name='workloadType', value='OPERATIONAL'}]}, electionId=null, setVersion=219, topologyVersion=TopologyVersion{processId=6941d52064dd0622ea6bf855, counter=3}, lastWriteDate=Sat Dec 27 10:27:04 IST 2025, lastUpdateTimeNanos=1220971314500300}
2025-12-27 10:27:03 - Discovered replica set primary ac-k6j0pys-shard-00-01.n6rc45b.mongodb.net:27017 with max election id 7fffffff000000000000022c and max set version 219
2025-12-27 10:27:04 - Global AuthenticationManager configured with UserDetailsService bean with name customUserDetailsService
2025-12-27 10:27:04 - Tomcat started on port 8080 (http) with context path '/'
2025-12-27 10:27:04 - Started HighwayLinkBackendApplication in 5.201 seconds (process running for 5.747)
2025-12-27 10:27:10 - Initializing Spring DispatcherServlet 'dispatcherServlet'
2025-12-27 10:27:10 - Initializing Servlet 'dispatcherServlet'
2025-12-27 10:27:10 - Completed initialization in 1 ms
2025-12-27 10:27:12 - GET /api/inquiries/user/saduni123@gmail.com - Fetching inquiries
2025-12-27 10:27:12 - Fetching inquiries for user: saduni123@gmail.com
2025-12-27 10:27:12 - GET /api/rides/public - origin: null, destination: null
2025-12-27 10:27:12 - Fetching public rides - origin: null, destination: null
2025-12-27 10:27:12 - Retrieved 0 inquiries for user: saduni123@gmail.com
2025-12-27 10:27:12 - GET /api/rides/my-rides - user: 694f4d8d0b06f0fa41605a44
2025-12-27 10:27:12 - Fetching my rides for user: 694f4d8d0b06f0fa41605a44
2025-12-27 10:27:12 - Found 1 pending, 1 approved, 0 canceled rides for user: 694f4d8d0b06f0fa41605a44
2025-12-27 10:27:13 - GET /api/inquiries/user/saduni123@gmail.com - Fetching inquiries
2025-12-27 10:27:13 - Fetching inquiries for user: saduni123@gmail.com
2025-12-27 10:27:13 - GET /api/users/691daa145be3cc77057f25b0 - Fetching user
2025-12-27 10:27:13 - Fetching user by id: 691daa145be3cc77057f25b0
2025-12-27 10:27:13 - Retrieved 0 inquiries for user: saduni123@gmail.com
2025-12-27 10:27:13 - Found 11 public rides
2025-12-27 10:27:13 - GET /api/rides/my-rides - user: 694f4d8d0b06f0fa41605a44
2025-12-27 10:27:13 - Fetching my rides for user: 694f4d8d0b06f0fa41605a44
2025-12-27 10:27:13 - GET /api/users/694f4d8d0b06f0fa41605a44 - Fetching user
2025-12-27 10:27:13 - Fetching user by id: 694f4d8d0b06f0fa41605a44
2025-12-27 10:27:14 - Found 1 pending, 1 approved, 0 canceled rides for user: 694f4d8d0b06f0fa41605a44
2025-12-27 10:27:15 - GET /api/rides/my-rides - user: 694f4d8d0b06f0fa41605a44
2025-12-27 10:27:15 - Fetching my rides for user: 694f4d8d0b06f0fa41605a44
2025-12-27 10:27:15 - Found 1 pending, 1 approved, 0 canceled rides for user: 694f4d8d0b06f0fa41605a44
2025-12-27 10:27:16 - GET /api/rides/my-rides - user: 694f4d8d0b06f0fa41605a44
2025-12-27 10:27:16 - Fetching my rides for user: 694f4d8d0b06f0fa41605a44
2025-12-27 10:27:17 - Found 1 pending, 1 approved, 0 canceled rides for user: 694f4d8d0b06f0fa41605a44
2025-12-27 10:27:18 - GET /api/rides - Fetching all rides
2025-12-27 10:27:18 - Fetching all rides
2025-12-27 10:27:18 - Retrieved 11 rides
